Línea 43: la clase SHDocVwCtl.WebBrowser del control WebBrowser1 no era una clase de control cargada.
Línea 49: el nombre de la propiedad ExtentX de WebBrowser1 no es válido.
Línea 50: el nombre de la propiedad ExtentY de WebBrowser1 no es válido.
Línea 51: el nombre de la propiedad ViewMode de WebBrowser1 no es válido.
Línea 52: el nombre de la propiedad Offline de WebBrowser1 no es válido.
Línea 53: el nombre de la propiedad Silent de WebBrowser1 no es válido.
Línea 54: el nombre de la propiedad RegisterAsBrowser de WebBrowser1 no es válido.
Línea 55: el nombre de la propiedad RegisterAsDropTarget de WebBrowser1 no es válido.
Línea 56: el nombre de la propiedad AutoArrange de WebBrowser1 no es válido.
Línea 57: el nombre de la propiedad NoClientEdge de WebBrowser1 no es válido.
Línea 58: el nombre de la propiedad AlignLeft de WebBrowser1 no es válido.
Línea 59: el nombre de la propiedad NoWebView de WebBrowser1 no es válido.
Línea 60: el nombre de la propiedad HideFileNames de WebBrowser1 no es válido.
Línea 61: el nombre de la propiedad SingleClick de WebBrowser1 no es válido.
Línea 62: el nombre de la propiedad SingleSelection de WebBrowser1 no es válido.
Línea 63: el nombre de la propiedad NoFolders de WebBrowser1 no es válido.
Línea 64: el nombre de la propiedad Transparent de WebBrowser1 no es válido.
Línea 65: el nombre de la propiedad ViewID de WebBrowser1 no es válido.
Línea 66: el nombre de la propiedad Location de WebBrowser1 no es válido.
Línea 49: el nombre de la propiedad ExtentX de WebBrowser1 no es válido.
Línea 50: el nombre de la propiedad ExtentY de WebBrowser1 no es válido.
Línea 51: el nombre de la propiedad ViewMode de WebBrowser1 no es válido.
Línea 52: el nombre de la propiedad Offline de WebBrowser1 no es válido.
Línea 53: el nombre de la propiedad Silent de WebBrowser1 no es válido.
Línea 54: el nombre de la propiedad RegisterAsBrowser de WebBrowser1 no es válido.
Línea 55: el nombre de la propiedad RegisterAsDropTarget de WebBrowser1 no es válido.
Línea 56: el nombre de la propiedad AutoArrange de WebBrowser1 no es válido.
Línea 57: el nombre de la propiedad NoClientEdge de WebBrowser1 no es válido.
Línea 58: el nombre de la propiedad AlignLeft de WebBrowser1 no es válido.
Línea 59: el nombre de la propiedad NoWebView de WebBrowser1 no es válido.
Línea 60: el nombre de la propiedad HideFileNames de WebBrowser1 no es válido.
Línea 61: el nombre de la propiedad SingleClick de WebBrowser1 no es válido.
Línea 62: el nombre de la propiedad SingleSelection de WebBrowser1 no es válido.
Línea 63: el nombre de la propiedad NoFolders de WebBrowser1 no es válido.
Línea 64: el nombre de la propiedad Transparent de WebBrowser1 no es válido.
Línea 65: el nombre de la propiedad ViewID de WebBrowser1 no es válido.
Línea 66: el nombre de la propiedad Location de WebBrowser1 no es válido.
